Tamil Nadu/app/build/intermediates/manifest_merge_blame_file/debug/manifest-merger-blame-debug-report.txt
1<?xml version="1.0" encoding="utf-8"?>
2<manifest xmlns:android="http://schemas.android.com/apk/res/android"
3    package="com.example.tamilnadu"
4    android:versionCode="1"
5    android:versionName="1.0" >
6
7    <uses-sdk
8        android:minSdkVersion="15"
8-->src\main\AndroidManifest.xml
9        android:targetSdkVersion="29" />
9-->src\main\AndroidManifest.xml
10
11    <application
11-->src\main\AndroidManifest.xml:5:5-47:19
12        android:allowBackup="true"
12-->src\main\AndroidManifest.xml:6:9-35
13        android:appComponentFactory="androidx.core.app.CoreComponentFactory"
13-->[androidx.core:core:1.1.0] AndroidManifest.xml:24:18-86
14        android:debuggable="true"
15        android:icon="@mipmap/ic_launcher"
15-->src\main\AndroidManifest.xml:7:9-43
16        android:label="@string/app_name"
16-->src\main\AndroidManifest.xml:8:9-41
17        android:roundIcon="@mipmap/ic_launcher_round"
17-->src\main\AndroidManifest.xml:9:9-54
18        android:supportsRtl="true"
18-->src\main\AndroidManifest.xml:10:9-35
19        android:theme="@style/AppTheme" >
19-->src\main\AndroidManifest.xml:11:9-40
20        <activity android:name="com.example.tamilnadu.Main20Activity" />
20-->src\main\AndroidManifest.xml:12:9-61
20-->src\main\AndroidManifest.xml:12:19-49
21        <activity android:name="com.example.tamilnadu.Main19Activity" />
21-->src\main\AndroidManifest.xml:13:9-52
21-->src\main\AndroidManifest.xml:13:19-49
22        <activity android:name="com.example.tamilnadu.Main18Activity" />
22-->src\main\AndroidManifest.xml:14:9-52
22-->src\main\AndroidManifest.xml:14:19-49
23        <activity android:name="com.example.tamilnadu.Main17Activity" />
23-->src\main\AndroidManifest.xml:15:9-52
23-->src\main\AndroidManifest.xml:15:19-49
24        <activity android:name="com.example.tamilnadu.Main16Activity" >
24-->src\main\AndroidManifest.xml:16:9-22:20
24-->src\main\AndroidManifest.xml:16:19-49
25            <intent-filter>
25-->src\main\AndroidManifest.xml:17:13-21:29
26                <action android:name="android.intent.action.MAIN" />
26-->src\main\AndroidManifest.xml:18:17-69
26-->src\main\AndroidManifest.xml:18:25-66
27
28                <category android:name="android.intent.category.LAUNCHER" />
28-->src\main\AndroidManifest.xml:20:17-77
28-->src\main\AndroidManifest.xml:20:27-74
29            </intent-filter>
30        </activity>
31        <activity android:name="com.example.tamilnadu.Main15Activity" />
31-->src\main\AndroidManifest.xml:23:9-52
31-->src\main\AndroidManifest.xml:23:19-49
32        <activity android:name="com.example.tamilnadu.Main14Activity" />
32-->src\main\AndroidManifest.xml:24:9-52
32-->src\main\AndroidManifest.xml:24:19-49
33        <activity android:name="com.example.tamilnadu.Main13Activity" />
33-->src\main\AndroidManifest.xml:25:9-52
33-->src\main\AndroidManifest.xml:25:19-49
34        <activity android:name="com.example.tamilnadu.Main12Activity" />
34-->src\main\AndroidManifest.xml:26:9-52
34-->src\main\AndroidManifest.xml:26:19-49
35        <activity android:name="com.example.tamilnadu.Main11Activity" />
35-->src\main\AndroidManifest.xml:27:9-52
35-->src\main\AndroidManifest.xml:27:19-49
36        <activity android:name="com.example.tamilnadu.Main10Activity" />
36-->src\main\AndroidManifest.xml:28:9-52
36-->src\main\AndroidManifest.xml:28:19-49
37        <activity android:name="com.example.tamilnadu.Main9Activity" />
37-->src\main\AndroidManifest.xml:29:9-51
37-->src\main\AndroidManifest.xml:29:19-48
38        <activity android:name="com.example.tamilnadu.Main8Activity" />
38-->src\main\AndroidManifest.xml:30:9-51
38-->src\main\AndroidManifest.xml:30:19-48
39        <activity android:name="com.example.tamilnadu.Main7Activity" />
39-->src\main\AndroidManifest.xml:31:9-51
39-->src\main\AndroidManifest.xml:31:19-48
40        <activity android:name="com.example.tamilnadu.Main6Activity" />
40-->src\main\AndroidManifest.xml:32:9-51
40-->src\main\AndroidManifest.xml:32:19-48
41        <activity android:name="com.example.tamilnadu.Main5Activity" />
41-->src\main\AndroidManifest.xml:33:9-51
41-->src\main\AndroidManifest.xml:33:19-48
42        <activity android:name="com.example.tamilnadu.Main4Activity" />
42-->src\main\AndroidManifest.xml:34:9-51
42-->src\main\AndroidManifest.xml:34:19-48
43        <activity android:name="com.example.tamilnadu.Main3Activity" />
43-->src\main\AndroidManifest.xml:35:9-51
43-->src\main\AndroidManifest.xml:35:19-48
44        <activity android:name="com.example.tamilnadu.Main2Activity" />
44-->src\main\AndroidManifest.xml:36:9-51
44-->src\main\AndroidManifest.xml:36:19-48
45        <activity
45-->src\main\AndroidManifest.xml:37:9-39:60
46            android:name="com.example.tamilnadu.ui.login.LoginActivity"
46-->src\main\AndroidManifest.xml:38:13-51
47            android:label="@string/title_activity_login" />
47-->src\main\AndroidManifest.xml:39:13-57
48        <activity android:name="com.example.tamilnadu.MainActivity" >
48-->src\main\AndroidManifest.xml:40:9-46:20
48-->src\main\AndroidManifest.xml:40:19-47
49            <intent-filter>
49-->src\main\AndroidManifest.xml:17:13-21:29
50                <action android:name="android.intent.action.MAIN" />
50-->src\main\AndroidManifest.xml:18:17-69
50-->src\main\AndroidManifest.xml:18:25-66
51
52                <category android:name="android.intent.category.LAUNCHER" />
52-->src\main\AndroidManifest.xml:20:17-77
52-->src\main\AndroidManifest.xml:20:27-74
53            </intent-filter>
54        </activity>
55
56        <provider
56-->[androidx.lifecycle:lifecycle-process:2.0.0] AndroidManifest.xml:23:9-27:43
57            android:name="androidx.lifecycle.ProcessLifecycleOwnerInitializer"
57-->[androidx.lifecycle:lifecycle-process:2.0.0] AndroidManifest.xml:24:13-79
58            android:authorities="com.example.tamilnadu.lifecycle-process"
58-->[androidx.lifecycle:lifecycle-process:2.0.0] AndroidManifest.xml:25:13-69
59            android:exported="false"
59-->[androidx.lifecycle:lifecycle-process:2.0.0] AndroidManifest.xml:26:13-37
60            android:multiprocess="true" />
60-->[androidx.lifecycle:lifecycle-process:2.0.0] AndroidManifest.xml:27:13-40
61    </application>
62
63</manifest>